#
# There is insufficient memory for the Java Runtime Environment to continue.
# Native memory allocation (malloc) failed to allocate 957936 bytes for Chunk::new
# Possible reasons:
#   The system is out of physical RAM or swap space
#   The process is running with CompressedOops enabled, and the Java Heap may be blocking the growth of the native heap
# Possible solutions:
#   Reduce memory load on the system
#   Increase physical memory or swap space
#   Check if swap backing store is full
#   Decrease Java heap size (-Xmx/-Xms)
#   Decrease number of Java threads
#   Decrease Java thread stack sizes (-Xss)
#   Set larger code cache with -XX:ReservedCodeCacheSize=
#   JVM is running with Unscaled Compressed Oops mode in which the Java heap is
#     placed in the first 4GB address space. The Java Heap base address is the
#     maximum limit for the native heap growth. Please use -XX:HeapBaseMinAddress
#     to set the Java Heap base and to place the Java Heap above 4GB virtual address.
# This output file may be truncated or incomplete.
#
#  Out of Memory Error (arena.cpp:189), pid=13908, tid=3968
#
# JRE version: OpenJDK Runtime Environment Temurin-17.0.6+10 (17.0.6+10) (build 17.0.6+10)
# Java VM: OpenJDK 64-Bit Server VM Temurin-17.0.6+10 (17.0.6+10, mixed mode, tiered, compressed oops, compressed class ptrs, parallel gc, windows-amd64)
# No core dump will be written. Minidumps are not enabled by default on client versions of Windows
#

---------------  S U M M A R Y ------------

Command Line: --add-modules=ALL-SYSTEM --add-opens=java.base/java.util=ALL-UNNAMED --add-opens=java.base/java.lang=ALL-UNNAMED --add-opens=java.base/sun.nio.fs=ALL-UNNAMED -Declipse.application=org.eclipse.jdt.ls.core.id1 -Dosgi.bundles.defaultStartLevel=4 -Declipse.product=org.eclipse.jdt.ls.core.product -Djava.import.generatesMetadataFilesAtProjectRoot=false -Dfile.encoding=utf8 -XX:+UseParallelGC -XX:GCTimeRatio=4 -XX:AdaptiveSizePolicyWeight=90 -Dsun.zip.disableMemoryMapping=true -Xmx1G -Xms100m -Xlog:disable -javaagent:c:\Users\ashes\.vscode\extensions\redhat.java-1.16.0-win32-x64\lombok\lombok-1.18.24.jar c:\Users\ashes\.vscode\extensions\redhat.java-1.16.0-win32-x64\server\plugins\org.eclipse.equinox.launcher_1.6.400.v20210924-0641.jar -configuration c:\Users\ashes\AppData\Roaming\Code\User\globalStorage\redhat.java\1.16.0\config_ss_win -data c:\Users\ashes\AppData\Roaming\Code\User\workspaceStorage\d5e9ccdd6a3ad44f1601a391d40a18c7\redhat.java\ss_ws

Host: AMD Ryzen 5 5500U with Radeon Graphics         , 12 cores, 7G,  Windows 11 , 64 bit Build 22621 (10.0.22621.1344)
Time: Wed Mar 29 18:26:36 2023 India Standard Time elapsed time: 2.379914 seconds (0d 0h 0m 2s)

---------------  T H R E A D  ---------------

Current thread (0x000002139a6dda20):  JavaThread "C2 CompilerThread1" daemon [_thread_in_native, id=3968, stack(0x0000005e37f00000,0x0000005e38000000)]


Current CompileTask:
C2:   2382 2275       4       org.objectweb.asm.ClassReader::readMethod (1066 bytes)

Stack: [0x0000005e37f00000,0x0000005e38000000]
Native frames: (J=compiled Java code, j=interpreted, Vv=VM code, C=native code)
V  [jvm.dll+0x67741a]
V  [jvm.dll+0x834434]
V  [jvm.dll+0x835bde]
V  [jvm.dll+0x836243]
V  [jvm.dll+0x2457b5]
V  [jvm.dll+0xabafc]
V  [jvm.dll+0xac0cc]
V  [jvm.dll+0x2ac94f]
V  [jvm.dll+0x57de47]
V  [jvm.dll+0x220812]
V  [jvm.dll+0x220bef]
V  [jvm.dll+0x21a445]
V  [jvm.dll+0x21790b]
V  [jvm.dll+0x1a3d0d]
V  [jvm.dll+0x22742a]
V  [jvm.dll+0x225565]
V  [jvm.dll+0x7ea2cb]
V  [jvm.dll+0x7e483a]
V  [jvm.dll+0x6762c5]
C  [ucrtbase.dll+0x29363]
C  [KERNEL32.DLL+0x126bd]
C  [ntdll.dll+0x5a9f8]


---------------  P R O C E S S  ---------------

Threads class SMR info:
_java_thread_list=0x000002139d8912e0, length=22, elements={
0x00000213849ad8c0, 0x0000021384a6cb80, 0x000002139a357030, 0x000002139882bf50,
0x000002139882c810, 0x000002139882d1d0, 0x000002139882da90, 0x000002139882e730,
0x000002139a37d740, 0x000002139a386810, 0x000002139a4767c0, 0x000002139a6a0ad0,
0x000002139a6dda20, 0x000002139c0c5780, 0x000002139cd0fe50, 0x000002139ccd3450,
0x000002139cd27020, 0x000002139cc83cc0, 0x000002139d0205e0, 0x000002139cc7c890,
0x000002139cc7bef0, 0x000002139cc7d700
}

Java Threads: ( => current thread )
  0x00000213849ad8c0 JavaThread "main" [_thread_blocked, id=1472, stack(0x0000005e37000000,0x0000005e37100000)]
  0x0000021384a6cb80 JavaThread "Reference Handler" daemon [_thread_blocked, id=12416, stack(0x0000005e37300000,0x0000005e37400000)]
  0x000002139a357030 JavaThread "Finalizer" daemon [_thread_blocked, id=14452, stack(0x0000005e37400000,0x0000005e37500000)]
  0x000002139882bf50 JavaThread "Signal Dispatcher" daemon [_thread_blocked, id=12136, stack(0x0000005e37500000,0x0000005e37600000)]
  0x000002139882c810 JavaThread "Attach Listener" daemon [_thread_blocked, id=6912, stack(0x0000005e37600000,0x0000005e37700000)]
  0x000002139882d1d0 JavaThread "Service Thread" daemon [_thread_blocked, id=13768, stack(0x0000005e37700000,0x0000005e37800000)]
  0x000002139882da90 JavaThread "Monitor Deflation Thread" daemon [_thread_blocked, id=8988, stack(0x0000005e37800000,0x0000005e37900000)]
  0x000002139882e730 JavaThread "C2 CompilerThread0" daemon [_thread_blocked, id=8904, stack(0x0000005e37900000,0x0000005e37a00000)]
  0x000002139a37d740 JavaThread "C1 CompilerThread0" daemon [_thread_blocked, id=13884, stack(0x0000005e37a00000,0x0000005e37b00000)]
  0x000002139a386810 JavaThread "Sweeper thread" daemon [_thread_blocked, id=13924, stack(0x0000005e37b00000,0x0000005e37c00000)]
  0x000002139a4767c0 JavaThread "Common-Cleaner" daemon [_thread_blocked, id=9848, stack(0x0000005e37c00000,0x0000005e37d00000)]
  0x000002139a6a0ad0 JavaThread "Notification Thread" daemon [_thread_blocked, id=4064, stack(0x0000005e37d00000,0x0000005e37e00000)]
=>0x000002139a6dda20 JavaThread "C2 CompilerThread1" daemon [_thread_in_native, id=3968, stack(0x0000005e37f00000,0x0000005e38000000)]
  0x000002139c0c5780 JavaThread "Active Thread: Equinox Container: e2edabe7-52f5-4ea8-b759-2e87f602725f" [_thread_blocked, id=5440, stack(0x0000005e38700000,0x0000005e38800000)]
  0x000002139cd0fe50 JavaThread "Framework Event Dispatcher: Equinox Container: e2edabe7-52f5-4ea8-b759-2e87f602725f" daemon [_thread_blocked, id=7080, stack(0x0000005e38800000,0x0000005e38900000)]
  0x000002139ccd3450 JavaThread "Start Level: Equinox Container: e2edabe7-52f5-4ea8-b759-2e87f602725f" daemon [_thread_blocked, id=1524, stack(0x0000005e38900000,0x0000005e38a00000)]
  0x000002139cd27020 JavaThread "SCR Component Actor" daemon [_thread_blocked, id=7060, stack(0x0000005e38a00000,0x0000005e38b00000)]
  0x000002139cc83cc0 JavaThread "SCR Component Registry" daemon [_thread_blocked, id=9892, stack(0x0000005e38c00000,0x0000005e38d00000)]
  0x000002139d0205e0 JavaThread "Worker-JM" [_thread_blocked, id=11508, stack(0x0000005e38000000,0x0000005e38100000)]
  0x000002139cc7c890 JavaThread "Worker-0" [_thread_blocked, id=14144, stack(0x0000005e38f00000,0x0000005e39000000)]
  0x000002139cc7bef0 JavaThread "Worker-1" [_thread_blocked, id=648, stack(0x0000005e39000000,0x0000005e39100000)]
  0x000002139cc7d700 JavaThread "Java indexing" daemon [_thread_blocked, id=12508, stack(0x0000005e39100000,0x0000005e39200000)]

Other Threads:
  0x000002139a341fd0 VMThread "VM Thread" [stack: 0x0000005e37200000,0x0000005e37300000] [id=13816]
  0x000002139a6a1fb0 WatcherThread [stack: 0x0000005e37e00000,0x0000005e37f00000] [id=7908]
  0x00000213849c24c0 GCTaskThread "GC Thread#0" [stack: 0x0000005e37100000,0x0000005e37200000] [id=13832]
  0x000002139bf875e0 GCTaskThread "GC Thread#1" [stack: 0x0000005e38100000,0x0000005e38200000] [id=12604]
  0x000002139ba95bb0 GCTaskThread "GC Thread#2" [stack: 0x0000005e38200000,0x0000005e38300000] [id=10732]
  0x000002139be8ba10 GCTaskThread "GC Thread#3" [stack: 0x0000005e38300000,0x0000005e38400000] [id=13956]
  0x000002139be8c2d0 GCTaskThread "GC Thread#4" [stack: 0x0000005e38400000,0x0000005e38500000] [id=8756]
  0x000002139bbddc30 GCTaskThread "GC Thread#5" [stack: 0x0000005e38500000,0x0000005e38600000] [id=13132]
  0x000002139bbddee0 GCTaskThread "GC Thread#6" [stack: 0x0000005e38600000,0x0000005e38700000] [id=12168]
  0x000002139cd6e4e0 GCTaskThread "GC Thread#7" [stack: 0x0000005e38b00000,0x0000005e38c00000] [id=12800]
  0x000002139d048c30 GCTaskThread "GC Thread#8" [stack: 0x0000005e38d00000,0x0000005e38e00000] [id=8736]
  0x000002139d005640 GCTaskThread "GC Thread#9" [stack: 0x0000005e38e00000,0x0000005e38f00000] [id=12796]

Threads with active compile tasks:
C2 CompilerThread1     2472 2275       4       org.objectweb.asm.ClassReader::readMethod (1066 bytes)

VM state: not at safepoint (normal execution)

VM Mutex/Monitor currently owned by a thread: None

Heap address: 0x00000000c0000000, size: 1024 MB, Compressed Oops mode: 32-bit

CDS archive(s) not mapped
Compressed class space mapped at: 0x0000000100000000-0x0000000140000000, reserved size: 1073741824
Narrow klass base: 0x0000000000000000, Narrow klass shift: 3, Narrow klass range: 0x140000000

GC Precious Log:
 CPUs: 12 total, 12 available
 Memory: 7528M
 Large Page Support: Disabled
 NUMA Support: Disabled
 Compressed Oops: Enabled (32-bit)
 Alignments: Space 512K, Generation 512K, Heap 2M
 Heap Min Capacity: 100M
 Heap Initial Capacity: 100M
 Heap Max Capacity: 1G
 Pre-touch: Disabled
 Parallel Workers: 10

Heap:
 PSYoungGen      total 26112K, used 25509K [0x00000000eab00000, 0x00000000ec880000, 0x0000000100000000)
  eden space 25088K, 99% used [0x00000000eab00000,0x00000000ec343718,0x00000000ec380000)
  from space 1024K, 64% used [0x00000000ec400000,0x00000000ec4a60e0,0x00000000ec500000)
  to   space 2560K, 0% used [0x00000000ec600000,0x00000000ec600000,0x00000000ec880000)
 ParOldGen       total 68608K, used 6949K [0x00000000c0000000, 0x00000000c4300000, 0x00000000eab00000)
  object space 68608K, 10% used [0x00000000c0000000,0x00000000c06c96a8,0x00000000c4300000)
 Metaspace       used 27412K, committed 27968K, reserved 1081344K
  class space    used 2642K, committed 2880K, reserved 1048576K

Card table byte_map: [0x0000021384380000,0x0000021384590000] _byte_map_base: 0x0000021383d80000

Marking Bits: (ParMarkBitMap*) 0x00007ff97d893e70
 Begin Bits: [0x0000021396630000, 0x0000021397630000)
 End Bits:   [0x0000021397630000, 0x0000021398630000)

Polling page: 0x0000021384170000

Metaspace:

Usage:
  Non-class:     24.19 MB used.
      Class:      2.58 MB used.
       Both:     26.77 MB used.

Virtual space:
  Non-class space:       32.00 MB reserved,      24.50 MB ( 77%) committed,  4 nodes.
      Class space:        1.00 GB reserved,       2.81 MB ( <1%) committed,  1 nodes.
             Both:        1.03 GB reserved,      27.31 MB (  3%) committed. 

Chunk freelists:
   Non-Class:  3.36 MB
       Class:  1.04 MB
        Both:  4.40 MB

MaxMetaspaceSize: unlimited
CompressedClassSpaceSize: 1.00 GB
Initial GC threshold: 21.00 MB
Current GC threshold: 35.00 MB
CDS: off
MetaspaceReclaimPolicy: balanced
 - commit_granule_bytes: 65536.
 - commit_granule_words: 8192.
 - virtual_space_node_default_size: 1048576.
 - enlarge_chunks_in_place: 1.
 - new_chunks_are_fully_committed: 0.
 - uncommit_free_chunks: 1.
 - use_allocation_guard: 0.
 - handle_deallocations: 1.


Internal statistics:

num_allocs_failed_limit: 3.
num_arena_births: 216.
num_arena_deaths: 14.
num_vsnodes_births: 5.
num_vsnodes_deaths: 0.
num_space_committed: 437.
num_space_uncommitted: 0.
num_chunks_returned_to_freelist: 17.
num_chunks_taken_from_freelist: 928.
num_chunk_merges: 7.
num_chunk_splits: 625.
num_chunks_enlarged: 452.
num_purges: 2.
num_inconsistent_stats: 0.

CodeHeap 'non-profiled nmethods': size=120000Kb used=919Kb max_used=919Kb free=119080Kb
 bounds [0x000002138f100000, 0x000002138f370000, 0x0000021396630000]
CodeHeap 'profiled nmethods': size=120000Kb used=4738Kb max_used=4738Kb free=115261Kb
 bounds [0x0000021387630000, 0x0000021387ae0000, 0x000002138eb60000]
CodeHeap 'non-nmethods': size=5760Kb used=1228Kb max_used=1247Kb free=4531Kb
 bounds [0x000002138eb60000, 0x000002138edd0000, 0x000002138f100000]
 total_blobs=2927 nmethods=2384 adapters=457
 compilation: enabled
              stopped_count=0, restarted_count=0
 full_count=0

Compilation events (20 events):
Event: 2.356 Thread 0x000002139a37d740 2351       3       java.util.Optional::isPresent (13 bytes)
Event: 2.356 Thread 0x000002139a37d740 nmethod 2351 0x0000021387ac5990 code [0x0000021387ac5b20, 0x0000021387ac5c98]
Event: 2.356 Thread 0x000002139a37d740 2358       3       java.util.concurrent.ConcurrentHashMap$MapEntry::<init> (20 bytes)
Event: 2.356 Thread 0x000002139a37d740 nmethod 2358 0x0000021387ac5d10 code [0x0000021387ac5ea0, 0x0000021387ac6058]
Event: 2.356 Thread 0x000002139a37d740 2356       3       java.util.concurrent.ConcurrentHashMap$EntryIterator::next (5 bytes)
Event: 2.356 Thread 0x000002139a37d740 nmethod 2356 0x0000021387ac6110 code [0x0000021387ac62a0, 0x0000021387ac63e8]
Event: 2.356 Thread 0x000002139a37d740 2357       3       java.util.concurrent.ConcurrentHashMap$EntryIterator::next (51 bytes)
Event: 2.357 Thread 0x000002139a37d740 nmethod 2357 0x0000021387ac6490 code [0x0000021387ac6660, 0x0000021387ac6a38]
Event: 2.357 Thread 0x000002139a37d740 2360       3       java.lang.invoke.InvokerBytecodeGenerator::emitStoreResult (27 bytes)
Event: 2.357 Thread 0x000002139a37d740 nmethod 2360 0x0000021387ac6c10 code [0x0000021387ac6dc0, 0x0000021387ac6fa8]
Event: 2.357 Thread 0x000002139a37d740 2361       3       java.lang.invoke.LambdaForm$NamedFunction::intrinsicName (21 bytes)
Event: 2.357 Thread 0x000002139a37d740 nmethod 2361 0x0000021387ac7090 code [0x0000021387ac7240, 0x0000021387ac7488]
Event: 2.357 Thread 0x000002139a37d740 2363       3       java.lang.invoke.LambdaForm$NamedFunction::member (26 bytes)
Event: 2.357 Thread 0x000002139a37d740 nmethod 2363 0x0000021387ac7590 code [0x0000021387ac7720, 0x0000021387ac7838]
Event: 2.357 Thread 0x000002139a37d740 2364       3       java.lang.invoke.InvokerBytecodeGenerator::isStaticallyInvocable (168 bytes)
Event: 2.359 Thread 0x000002139a37d740 nmethod 2364 0x0000021387ac7910 code [0x0000021387ac7d40, 0x0000021387ac9a48]
Event: 2.359 Thread 0x000002139a37d740 2366       3       java.lang.invoke.LambdaForm$Name::replaceNames (175 bytes)
Event: 2.359 Thread 0x000002139a37d740 nmethod 2366 0x0000021387aca210 code [0x0000021387aca440, 0x0000021387acafb8]
Event: 2.359 Thread 0x000002139a37d740 2365       3       java.lang.invoke.LambdaFormBuffer::ownedCount (7 bytes)
Event: 2.359 Thread 0x000002139a37d740 nmethod 2365 0x0000021387acb310 code [0x0000021387acb4a0, 0x0000021387acb5b8]

GC Heap History (12 events):
Event: 0.984 GC heap before
{Heap before GC invocations=1 (full 0):
 PSYoungGen      total 29696K, used 25600K [0x00000000eab00000, 0x00000000ecc00000, 0x0000000100000000)
  eden space 25600K, 100% used [0x00000000eab00000,0x00000000ec400000,0x00000000ec400000)
  from space 4096K, 0% used [0x00000000ec800000,0x00000000ec800000,0x00000000ecc00000)
  to   space 4096K, 0% used [0x00000000ec400000,0x00000000ec400000,0x00000000ec800000)
 ParOldGen       total 68608K, used 0K [0x00000000c0000000, 0x00000000c4300000, 0x00000000eab00000)
  object space 68608K, 0% used [0x00000000c0000000,0x00000000c0000000,0x00000000c4300000)
 Metaspace       used 11110K, committed 11328K, reserved 1064960K
  class space    used 1106K, committed 1216K, reserved 1048576K
}
Event: 0.994 GC heap after
{Heap after GC invocations=1 (full 0):
 PSYoungGen      total 29696K, used 3217K [0x00000000eab00000, 0x00000000ecc00000, 0x0000000100000000)
  eden space 25600K, 0% used [0x00000000eab00000,0x00000000eab00000,0x00000000ec400000)
  from space 4096K, 78% used [0x00000000ec400000,0x00000000ec7246a0,0x00000000ec800000)
  to   space 4096K, 0% used [0x00000000ec800000,0x00000000ec800000,0x00000000ecc00000)
 ParOldGen       total 68608K, used 16K [0x00000000c0000000, 0x00000000c4300000, 0x00000000eab00000)
  object space 68608K, 0% used [0x00000000c0000000,0x00000000c0004000,0x00000000c4300000)
 Metaspace       used 11110K, committed 11328K, reserved 1064960K
  class space    used 1106K, committed 1216K, reserved 1048576K
}
Event: 1.616 GC heap before
{Heap before GC invocations=2 (full 0):
 PSYoungGen      total 29696K, used 28793K [0x00000000eab00000, 0x00000000ecc00000, 0x0000000100000000)
  eden space 25600K, 99% used [0x00000000eab00000,0x00000000ec3fa080,0x00000000ec400000)
  from space 4096K, 78% used [0x00000000ec400000,0x00000000ec7246a0,0x00000000ec800000)
  to   space 4096K, 0% used [0x00000000ec800000,0x00000000ec800000,0x00000000ecc00000)
 ParOldGen       total 68608K, used 16K [0x00000000c0000000, 0x00000000c4300000, 0x00000000eab00000)
  object space 68608K, 0% used [0x00000000c0000000,0x00000000c0004000,0x00000000c4300000)
 Metaspace       used 15376K, committed 15680K, reserved 1064960K
  class space    used 1567K, committed 1728K, reserved 1048576K
}
Event: 1.620 GC heap after
{Heap after GC invocations=2 (full 0):
 PSYoungGen      total 29696K, used 4065K [0x00000000eab00000, 0x00000000ecc00000, 0x0000000100000000)
  eden space 25600K, 0% used [0x00000000eab00000,0x00000000eab00000,0x00000000ec400000)
  from space 4096K, 99% used [0x00000000ec800000,0x00000000ecbf8470,0x00000000ecc00000)
  to   space 4096K, 0% used [0x00000000ec400000,0x00000000ec400000,0x00000000ec800000)
 ParOldGen       total 68608K, used 862K [0x00000000c0000000, 0x00000000c4300000, 0x00000000eab00000)
  object space 68608K, 1% used [0x00000000c0000000,0x00000000c00d7b60,0x00000000c4300000)
 Metaspace       used 15376K, committed 15680K, reserved 1064960K
  class space    used 1567K, committed 1728K, reserved 1048576K
}
Event: 2.004 GC heap before
{Heap before GC invocations=3 (full 0):
 PSYoungGen      total 29696K, used 29665K [0x00000000eab00000, 0x00000000ecc00000, 0x0000000100000000)
  eden space 25600K, 100% used [0x00000000eab00000,0x00000000ec400000,0x00000000ec400000)
  from space 4096K, 99% used [0x00000000ec800000,0x00000000ecbf8470,0x00000000ecc00000)
  to   space 4096K, 0% used [0x00000000ec400000,0x00000000ec400000,0x00000000ec800000)
 ParOldGen       total 68608K, used 862K [0x00000000c0000000, 0x00000000c4300000, 0x00000000eab00000)
  object space 68608K, 1% used [0x00000000c0000000,0x00000000c00d7b60,0x00000000c4300000)
 Metaspace       used 20403K, committed 20864K, reserved 1073152K
  class space    used 2076K, committed 2304K, reserved 1048576K
}
Event: 2.011 GC heap after
{Heap after GC invocations=3 (full 0):
 PSYoungGen      total 29696K, used 4072K [0x00000000eab00000, 0x00000000ecc00000, 0x0000000100000000)
  eden space 25600K, 0% used [0x00000000eab00000,0x00000000eab00000,0x00000000ec400000)
  from space 4096K, 99% used [0x00000000ec400000,0x00000000ec7fa0f8,0x00000000ec800000)
  to   space 4096K, 0% used [0x00000000ec800000,0x00000000ec800000,0x00000000ecc00000)
 ParOldGen       total 68608K, used 2869K [0x00000000c0000000, 0x00000000c4300000, 0x00000000eab00000)
  object space 68608K, 4% used [0x00000000c0000000,0x00000000c02cd780,0x00000000c4300000)
 Metaspace       used 20403K, committed 20864K, reserved 1073152K
  class space    used 2076K, committed 2304K, reserved 1048576K
}
Event: 2.075 GC heap before
{Heap before GC invocations=4 (full 0):
 PSYoungGen      total 29696K, used 8328K [0x00000000eab00000, 0x00000000ecc00000, 0x0000000100000000)
  eden space 25600K, 16% used [0x00000000eab00000,0x00000000eaf27fa8,0x00000000ec400000)
  from space 4096K, 99% used [0x00000000ec400000,0x00000000ec7fa0f8,0x00000000ec800000)
  to   space 4096K, 0% used [0x00000000ec800000,0x00000000ec800000,0x00000000ecc00000)
 ParOldGen       total 68608K, used 2869K [0x00000000c0000000, 0x00000000c4300000, 0x00000000eab00000)
  object space 68608K, 4% used [0x00000000c0000000,0x00000000c02cd780,0x00000000c4300000)
 Metaspace       used 21064K, committed 21504K, reserved 1073152K
  class space    used 2151K, committed 2368K, reserved 1048576K
}
Event: 2.077 GC heap after
{Heap after GC invocations=4 (full 0):
 PSYoungGen      total 29696K, used 4073K [0x00000000eab00000, 0x00000000ecc00000, 0x0000000100000000)
  eden space 25600K, 0% used [0x00000000eab00000,0x00000000eab00000,0x00000000ec400000)
  from space 4096K, 99% used [0x00000000ec800000,0x00000000ecbfa590,0x00000000ecc00000)
  to   space 4096K, 0% used [0x00000000ec400000,0x00000000ec400000,0x00000000ec800000)
 ParOldGen       total 68608K, used 3090K [0x00000000c0000000, 0x00000000c4300000, 0x00000000eab00000)
  object space 68608K, 4% used [0x00000000c0000000,0x00000000c0304978,0x00000000c4300000)
 Metaspace       used 21064K, committed 21504K, reserved 1073152K
  class space    used 2151K, committed 2368K, reserved 1048576K
}
Event: 2.077 GC heap before
{Heap before GC invocations=5 (full 1):
 PSYoungGen      total 29696K, used 4073K [0x00000000eab00000, 0x00000000ecc00000, 0x0000000100000000)
  eden space 25600K, 0% used [0x00000000eab00000,0x00000000eab00000,0x00000000ec400000)
  from space 4096K, 99% used [0x00000000ec800000,0x00000000ecbfa590,0x00000000ecc00000)
  to   space 4096K, 0% used [0x00000000ec400000,0x00000000ec400000,0x00000000ec800000)
 ParOldGen       total 68608K, used 3090K [0x00000000c0000000, 0x00000000c4300000, 0x00000000eab00000)
  object space 68608K, 4% used [0x00000000c0000000,0x00000000c0304978,0x00000000c4300000)
 Metaspace       used 21064K, committed 21504K, reserved 1073152K
  class space    used 2151K, committed 2368K, reserved 1048576K
}
Event: 2.094 GC heap after
{Heap after GC invocations=5 (full 1):
 PSYoungGen      total 29696K, used 0K [0x00000000eab00000, 0x00000000ecc00000, 0x0000000100000000)
  eden space 25600K, 0% used [0x00000000eab00000,0x00000000eab00000,0x00000000ec400000)
  from space 4096K, 0% used [0x00000000ec800000,0x00000000ec800000,0x00000000ecc00000)
  to   space 4096K, 0% used [0x00000000ec400000,0x00000000ec400000,0x00000000ec800000)
 ParOldGen       total 68608K, used 6949K [0x00000000c0000000, 0x00000000c4300000, 0x00000000eab00000)
  object space 68608K, 10% used [0x00000000c0000000,0x00000000c06c96a8,0x00000000c4300000)
 Metaspace       used 21051K, committed 21504K, reserved 1073152K
  class space    used 2148K, committed 2368K, reserved 1048576K
}
Event: 2.253 GC heap before
{Heap before GC invocations=6 (full 1):
 PSYoungGen      total 29696K, used 25600K [0x00000000eab00000, 0x00000000ecc00000, 0x0000000100000000)
  eden space 25600K, 100% used [0x00000000eab00000,0x00000000ec400000,0x00000000ec400000)
  from space 4096K, 0% used [0x00000000ec800000,0x00000000ec800000,0x00000000ecc00000)
  to   space 4096K, 0% used [0x00000000ec400000,0x00000000ec400000,0x00000000ec800000)
 ParOldGen       total 68608K, used 6949K [0x00000000c0000000, 0x00000000c4300000, 0x00000000eab00000)
  object space 68608K, 10% used [0x00000000c0000000,0x00000000c06c96a8,0x00000000c4300000)
 Metaspace       used 24591K, committed 25088K, reserved 1073152K
  class space    used 2406K, committed 2624K, reserved 1048576K
}
Event: 2.254 GC heap after
{Heap after GC invocations=6 (full 1):
 PSYoungGen      total 26112K, used 664K [0x00000000eab00000, 0x00000000ec880000, 0x0000000100000000)
  eden space 25088K, 0% used [0x00000000eab00000,0x00000000eab00000,0x00000000ec380000)
  from space 1024K, 64% used [0x00000000ec400000,0x00000000ec4a60e0,0x00000000ec500000)
  to   space 2560K, 0% used [0x00000000ec600000,0x00000000ec600000,0x00000000ec880000)
 ParOldGen       total 68608K, used 6949K [0x00000000c0000000, 0x00000000c4300000, 0x00000000eab00000)
  object space 68608K, 10% used [0x00000000c0000000,0x00000000c06c96a8,0x00000000c4300000)
 Metaspace       used 24591K, committed 25088K, reserved 1073152K
  class space    used 2406K, committed 2624K, reserved 1048576K
}

Dll operation events (9 events):
Event: 0.011 Loaded shared library c:\Users\ashes\.vscode\extensions\redhat.java-1.16.0-win32-x64\jre\17.0.6-win32-x86_64\bin\java.dll
Event: 0.196 Loaded shared library c:\Users\ashes\.vscode\extensions\redhat.java-1.16.0-win32-x64\jre\17.0.6-win32-x86_64\bin\zip.dll
Event: 0.200 Loaded shared library C:\Users\ashes\.vscode\extensions\redhat.java-1.16.0-win32-x64\jre\17.0.6-win32-x86_64\bin\instrument.dll
Event: 0.218 Loaded shared library C:\Users\ashes\.vscode\extensions\redhat.java-1.16.0-win32-x64\jre\17.0.6-win32-x86_64\bin\net.dll
Event: 0.220 Loaded shared library C:\Users\ashes\.vscode\extensions\redhat.java-1.16.0-win32-x64\jre\17.0.6-win32-x86_64\bin\nio.dll
Event: 0.236 Loaded shared library C:\Users\ashes\.vscode\extensions\redhat.java-1.16.0-win32-x64\jre\17.0.6-win32-x86_64\bin\zip.dll
Event: 0.252 Loaded shared library C:\Users\ashes\.vscode\extensions\redhat.java-1.16.0-win32-x64\jre\17.0.6-win32-x86_64\bin\jimage.dll
Event: 0.311 Loaded shared library c:\Users\ashes\.vscode\extensions\redhat.java-1.16.0-win32-x64\jre\17.0.6-win32-x86_64\bin\verify.dll
Event: 1.495 Loaded shared library C:\Users\ashes\AppData\Roaming\Code\User\globalStorage\redhat.java\1.16.0\config_ss_win\org.eclipse.equinox.launcher\org.eclipse.equinox.launcher.win32.win32.x86_64_1.2.700.v20221108-1024\eclipse_11801.dll

Deoptimization events (20 events):
Event: 2.015 Thread 0x000002139ccd3450 DEOPT PACKING pc=0x000002138f168c4c sp=0x0000005e389f8c30
Event: 2.015 Thread 0x000002139ccd3450 DEOPT UNPACKING pc=0x000002138ebb66a3 sp=0x0000005e389f8bb0 mode 2
Event: 2.336 Thread 0x000002139ccd3450 DEOPT PACKING pc=0x000002138777699e sp=0x0000005e389f7d50
Event: 2.336 Thread 0x000002139ccd3450 DEOPT UNPACKING pc=0x000002138ebb6e43 sp=0x0000005e389f7248 mode 0
Event: 2.336 Thread 0x000002139ccd3450 DEOPT PACKING pc=0x000002138777699e sp=0x0000005e389f7d50
Event: 2.336 Thread 0x000002139ccd3450 DEOPT UNPACKING pc=0x000002138ebb6e43 sp=0x0000005e389f7248 mode 0
Event: 2.337 Thread 0x000002139ccd3450 Uncommon trap: trap_request=0xffffff45 fr.pc=0x000002138f1c02f4 relative=0x0000000000000e34
Event: 2.337 Thread 0x000002139ccd3450 Uncommon trap: reason=unstable_if action=reinterpret pc=0x000002138f1c02f4 method=java.util.Properties.loadConvert([CIILjava/lang/StringBuilder;)Ljava/lang/String; @ 463 c2
Event: 2.337 Thread 0x000002139ccd3450 DEOPT PACKING pc=0x000002138f1c02f4 sp=0x0000005e389f7d70
Event: 2.337 Thread 0x000002139ccd3450 DEOPT UNPACKING pc=0x000002138ebb66a3 sp=0x0000005e389f7d60 mode 2
Event: 2.337 Thread 0x000002139ccd3450 DEOPT PACKING pc=0x000002138777699e sp=0x0000005e389f7d50
Event: 2.337 Thread 0x000002139ccd3450 DEOPT UNPACKING pc=0x000002138ebb6e43 sp=0x0000005e389f7248 mode 0
Event: 2.354 Thread 0x000002139ccd3450 Uncommon trap: trap_request=0xffffff45 fr.pc=0x000002138f1deda0 relative=0x00000000000008e0
Event: 2.354 Thread 0x000002139ccd3450 Uncommon trap: reason=unstable_if action=reinterpret pc=0x000002138f1deda0 method=java.util.Properties$LineReader.readLine()I @ 25 c2
Event: 2.354 Thread 0x000002139ccd3450 DEOPT PACKING pc=0x000002138f1deda0 sp=0x0000005e389f8b60
Event: 2.354 Thread 0x000002139ccd3450 DEOPT UNPACKING pc=0x000002138ebb66a3 sp=0x0000005e389f8b00 mode 2
Event: 2.354 Thread 0x000002139ccd3450 Uncommon trap: trap_request=0xffffff76 fr.pc=0x000002138f1ba88c relative=0x0000000000000d8c
Event: 2.354 Thread 0x000002139ccd3450 Uncommon trap: reason=predicate action=maybe_recompile pc=0x000002138f1ba88c method=java.util.Properties$LineReader.readLine()I @ 53 c2
Event: 2.354 Thread 0x000002139ccd3450 DEOPT PACKING pc=0x000002138f1ba88c sp=0x0000005e389f8b60
Event: 2.354 Thread 0x000002139ccd3450 DEOPT UNPACKING pc=0x000002138ebb66a3 sp=0x0000005e389f8b18 mode 2

Classes unloaded (7 events):
Event: 2.080 Thread 0x000002139a341fd0 Unloading class 0x0000000100214400 'java/lang/invoke/LambdaForm$MH+0x0000000100214400'
Event: 2.080 Thread 0x000002139a341fd0 Unloading class 0x0000000100214000 'java/lang/invoke/LambdaForm$MH+0x0000000100214000'
Event: 2.080 Thread 0x000002139a341fd0 Unloading class 0x0000000100213c00 'java/lang/invoke/LambdaForm$MH+0x0000000100213c00'
Event: 2.080 Thread 0x000002139a341fd0 Unloading class 0x0000000100213400 'java/lang/invoke/LambdaForm$MH+0x0000000100213400'
Event: 2.080 Thread 0x000002139a341fd0 Unloading class 0x0000000100213000 'java/lang/invoke/LambdaForm$BMH+0x0000000100213000'
Event: 2.080 Thread 0x000002139a341fd0 Unloading class 0x0000000100212c00 'java/lang/invoke/LambdaForm$DMH+0x0000000100212c00'
Event: 2.080 Thread 0x000002139a341fd0 Unloading class 0x0000000100210000 'java/lang/invoke/LambdaForm$DMH+0x0000000100210000'

Classes redefined (0 events):
No events

Internal exceptions (20 events):
Event: 1.872 Thread 0x000002139ccd3450 Exception <a 'java/lang/NoSuchMethodError'{0x00000000ebd9ba90}: 'java.lang.Object java.lang.invoke.DirectMethodHandle$Holder.invokeStatic(java.lang.Object, java.lang.Object, java.lang.Object, java.lang.Object, int)'> (0x00000000ebd9ba90) 
thrown [s\src\hotspot\share\interpreter\linkResolver.cpp, line 759]
Event: 1.873 Thread 0x000002139ccd3450 Exception <a 'java/lang/NoSuchMethodError'{0x00000000ebda8090}: 'java.lang.Object java.lang.invoke.DelegatingMethodHandle$Holder.reinvoke_L(java.lang.Object, java.lang.Object, java.lang.Object, java.lang.Object, int, int)'> (0x00000000ebda8090) 
thrown [s\src\hotspot\share\interpreter\linkResolver.cpp, line 759]
Event: 1.875 Thread 0x000002139ccd3450 Exception <a 'java/lang/NoSuchMethodError'{0x00000000ebdbfe50}: 'java.lang.Object java.lang.invoke.Invokers$Holder.invokeExact_MT(java.lang.Object, java.lang.Object, java.lang.Object, java.lang.Object)'> (0x00000000ebdbfe50) 
thrown [s\src\hotspot\share\interpreter\linkResolver.cpp, line 759]
Event: 1.966 Thread 0x000002139ccd3450 Exception <a 'java/lang/NoSuchMethodError'{0x00000000ec201710}: 'java.lang.Object java.lang.invoke.DirectMethodHandle$Holder.newInvokeSpecial(java.lang.Object, java.lang.Object, java.lang.Object, java.lang.Object, java.lang.Object)'> (0x00000000ec201710) 
thrown [s\src\hotspot\share\interpreter\linkResolver.cpp, line 759]
Event: 2.032 Thread 0x000002139ccd3450 Exception <a 'java/lang/NoSuchMethodError'{0x00000000eac3e220}: 'java.lang.Object java.lang.invoke.DirectMethodHandle$Holder.invokeSpecial(java.lang.Object, java.lang.Object, java.lang.Object, long, java.lang.Object)'> (0x00000000eac3e220) 
thrown [s\src\hotspot\share\interpreter\linkResolver.cpp, line 759]
Event: 2.033 Thread 0x000002139ccd3450 Exception <a 'java/lang/NoSuchMethodError'{0x00000000eac463d8}: 'java.lang.Object java.lang.invoke.DirectMethodHandle$Holder.newInvokeSpecial(java.lang.Object, java.lang.Object, java.lang.Object, long)'> (0x00000000eac463d8) 
thrown [s\src\hotspot\share\interpreter\linkResolver.cpp, line 759]
Event: 2.033 Thread 0x000002139ccd3450 Exception <a 'java/lang/NoSuchMethodError'{0x00000000eac4a978}: 'java.lang.Object java.lang.invoke.DirectMethodHandle$Holder.invokeSpecial(java.lang.Object, java.lang.Object, java.lang.Object, java.lang.Object, long)'> (0x00000000eac4a978) 
thrown [s\src\hotspot\share\interpreter\linkResolver.cpp, line 759]
Event: 2.039 Thread 0x000002139ccd3450 Exception <a 'java/lang/NoSuchMethodError'{0x00000000eac9c910}: 'int java.lang.invoke.DirectMethodHandle$Holder.invokeStaticInit(java.lang.Object, java.lang.Object, java.lang.Object)'> (0x00000000eac9c910) 
thrown [s\src\hotspot\share\interpreter\linkResolver.cpp, line 759]
Event: 2.044 Thread 0x000002139ccd3450 Exception <a 'java/lang/IncompatibleClassChangeError'{0x00000000ead23740}: Found class java.lang.Object, but interface was expected> (0x00000000ead23740) 
thrown [s\src\hotspot\share\interpreter\linkResolver.cpp, line 826]
Event: 2.050 Thread 0x000002139ccd3450 Exception <a 'java/lang/NoSuchMethodError'{0x00000000ead35bb8}: 'java.lang.Object java.lang.invoke.DirectMethodHandle$Holder.invokeSpecial(java.lang.Object, java.lang.Object, java.lang.Object, int, java.lang.Object, java.lang.Object)'> (0x00000000ead35bb8) 
thrown [s\src\hotspot\share\interpreter\linkResolver.cpp, line 759]
Event: 2.052 Thread 0x000002139ccd3450 Exception <a 'java/lang/NoSuchMethodError'{0x00000000ead3e340}: 'java.lang.Object java.lang.invoke.DirectMethodHandle$Holder.newInvokeSpecial(java.lang.Object, java.lang.Object, java.lang.Object, int, java.lang.Object)'> (0x00000000ead3e340) 
thrown [s\src\hotspot\share\interpreter\linkResolver.cpp, line 759]
Event: 2.052 Thread 0x000002139ccd3450 Exception <a 'java/lang/NoSuchMethodError'{0x00000000ead42798}: 'java.lang.Object java.lang.invoke.DirectMethodHandle$Holder.invokeSpecial(java.lang.Object, java.lang.Object, java.lang.Object, java.lang.Object, int, java.lang.Object)'> (0x00000000ead42798) 
thrown [s\src\hotspot\share\interpreter\linkResolver.cpp, line 759]
Event: 2.053 Thread 0x000002139cc7c890 Exception <a 'java/lang/NoSuchMethodError'{0x00000000eaca0218}: 'java.lang.Object java.lang.invoke.DirectMethodHandle$Holder.invokeSpecial(java.lang.Object, java.lang.Object, int, java.lang.Object, java.lang.Object)'> (0x00000000eaca0218) 
thrown [s\src\hotspot\share\interpreter\linkResolver.cpp, line 759]
Event: 2.054 Thread 0x000002139cc7c890 Exception <a 'java/lang/NoSuchMethodError'{0x00000000eaca78e8}: 'java.lang.Object java.lang.invoke.DirectMethodHandle$Holder.newInvokeSpecial(java.lang.Object, java.lang.Object, int, java.lang.Object)'> (0x00000000eaca78e8) 
thrown [s\src\hotspot\share\interpreter\linkResolver.cpp, line 759]
Event: 2.055 Thread 0x000002139cc7c890 Exception <a 'java/lang/NoSuchMethodError'{0x00000000eacab3f8}: 'java.lang.Object java.lang.invoke.DirectMethodHandle$Holder.invokeSpecial(java.lang.Object, java.lang.Object, java.lang.Object, int, java.lang.Object)'> (0x00000000eacab3f8) 
thrown [s\src\hotspot\share\interpreter\linkResolver.cpp, line 759]
Event: 2.095 Thread 0x000002139cc7c890 Exception <a 'java/io/FileNotFoundException'{0x00000000eab085d0}> (0x00000000eab085d0) 
thrown [s\src\hotspot\share\prims\jni.cpp, line 516]
Event: 2.352 Thread 0x000002139ccd3450 Exception <a 'java/lang/ClassNotFoundException'{0x00000000ec0a2b10}: com/sun/org/apache/xerces/internal/impl/msg/spi/DOMMessagesProvider> (0x00000000ec0a2b10) 
thrown [s\src\hotspot\share\classfile\systemDictionary.cpp, line 256]
Event: 2.354 Thread 0x000002139ccd3450 Implicit null exception at 0x000002138f1b9bf8 to 0x000002138f1ba86c
Event: 2.354 Thread 0x000002139ccd3450 Exception <a 'java/lang/ClassNotFoundException'{0x00000000ec0c95a0}: com/sun/org/apache/xerces/internal/impl/msg/spi/XMLSerializerMessagesProvider> (0x00000000ec0c95a0) 
thrown [s\src\hotspot\share\classfile\systemDictionary.cpp, line 256]
Event: 2.355 Thread 0x000002139ccd3450 Exception <a 'java/lang/ClassNotFoundException'{0x00000000ec0d7c88}: com/sun/org/apache/xerces/internal/impl/msg/spi/XMLMessagesProvider> (0x00000000ec0d7c88) 
thrown [s\src\hotspot\share\classfile\systemDictionary.cpp, line 256]

VM Operations (20 events):
Event: 1.553 Executing VM operation: HandshakeAllThreads
Event: 1.553 Executing VM operation: HandshakeAllThreads done
Event: 1.616 Executing VM operation: ParallelGCFailedAllocation
Event: 1.620 Executing VM operation: ParallelGCFailedAllocation done
Event: 1.760 Executing VM operation: HandshakeAllThreads
Event: 1.760 Executing VM operation: HandshakeAllThreads done
Event: 1.793 Executing VM operation: HandshakeAllThreads
Event: 1.793 Executing VM operation: HandshakeAllThreads done
Event: 1.795 Executing VM operation: HandshakeAllThreads
Event: 1.795 Executing VM operation: HandshakeAllThreads done
Event: 1.867 Executing VM operation: HandshakeAllThreads
Event: 1.867 Executing VM operation: HandshakeAllThreads done
Event: 2.004 Executing VM operation: ParallelGCFailedAllocation
Event: 2.011 Executing VM operation: ParallelGCFailedAllocation done
Event: 2.066 Executing VM operation: HandshakeAllThreads
Event: 2.066 Executing VM operation: HandshakeAllThreads done
Event: 2.074 Executing VM operation: CollectForMetadataAllocation
Event: 2.094 Executing VM operation: CollectForMetadataAllocation done
Event: 2.253 Executing VM operation: ParallelGCFailedAllocation
Event: 2.254 Executing VM operation: ParallelGCFailedAllocation done

Events (20 events):
Event: 2.355 loading class com/sun/org/apache/xerces/internal/impl/msg/XMLSerializerMessages_en
Event: 2.355 loading class com/sun/org/apache/xerces/internal/impl/msg/XMLSerializerMessages_en done
Event: 2.355 loading class com/sun/org/apache/xerces/internal/impl/msg/XMLSerializerMessages_en
Event: 2.355 loading class com/sun/org/apache/xerces/internal/impl/msg/XMLSerializerMessages_en done
Event: 2.355 loading class com/sun/org/apache/xerces/internal/impl/msg/XMLSerializerMessages_en_IN
Event: 2.355 loading class com/sun/org/apache/xerces/internal/impl/msg/XMLSerializerMessages_en_IN done
Event: 2.355 loading class com/sun/org/apache/xerces/internal/impl/msg/XMLSerializerMessages_en_IN
Event: 2.355 loading class com/sun/org/apache/xerces/internal/impl/msg/XMLSerializerMessages_en_IN done
Event: 2.355 loading class com/sun/org/apache/xerces/internal/impl/msg/XMLMessages
Event: 2.355 loading class com/sun/org/apache/xerces/internal/impl/msg/XMLMessages done
Event: 2.355 loading class com/sun/org/apache/xerces/internal/impl/msg/XMLMessages
Event: 2.355 loading class com/sun/org/apache/xerces/internal/impl/msg/XMLMessages done
Event: 2.356 loading class com/sun/org/apache/xerces/internal/impl/msg/XMLMessages_en
Event: 2.356 loading class com/sun/org/apache/xerces/internal/impl/msg/XMLMessages_en done
Event: 2.356 loading class com/sun/org/apache/xerces/internal/impl/msg/XMLMessages_en
Event: 2.356 loading class com/sun/org/apache/xerces/internal/impl/msg/XMLMessages_en done
Event: 2.356 loading class com/sun/org/apache/xerces/internal/impl/msg/XMLMessages_en_IN
Event: 2.356 loading class com/sun/org/apache/xerces/internal/impl/msg/XMLMessages_en_IN done
Event: 2.356 loading class com/sun/org/apache/xerces/internal/impl/msg/XMLMessages_en_IN
Event: 2.356 loading class com/sun/org/apache/xerces/internal/impl/msg/XMLMessages_en_IN done


Dynamic libraries:
0x00007ff6d4750000 - 0x00007ff6d475e000 	c:\Users\ashes\.vscode\extensions\redhat.java-1.16.0-win32-x64\jre\17.0.6-win32-x86_64\bin\java.exe
0x00007ff9ce5d0000 - 0x00007ff9ce7e4000 	C:\Windows\SYSTEM32\ntdll.dll
0x00007ff9cd680000 - 0x00007ff9cd743000 	C:\Windows\System32\KERNEL32.DLL
0x00007ff9cbb30000 - 0x00007ff9cbecc000 	C:\Windows\System32\KERNELBASE.dll
0x00007ff9cba10000 - 0x00007ff9cbb21000 	C:\Windows\System32\ucrtbase.dll
0x00007ff9c5080000 - 0x00007ff9c5097000 	c:\Users\ashes\.vscode\extensions\redhat.java-1.16.0-win32-x64\jre\17.0.6-win32-x86_64\bin\jli.dll
0x00007ff9c5060000 - 0x00007ff9c5079000 	c:\Users\ashes\.vscode\extensions\redhat.java-1.16.0-win32-x64\jre\17.0.6-win32-x86_64\bin\VCRUNTIME140.dll
0x00007ff9ce3e0000 - 0x00007ff9ce58d000 	C:\Windows\System32\USER32.dll
0x00007ff9cbff0000 - 0x00007ff9cc016000 	C:\Windows\System32\win32u.dll
0x00007ff9a3fa0000 - 0x00007ff9a422e000 	C:\Windows\WinSxS\amd64_microsoft.windows.common-controls_6595b64144ccf1df_6.0.22621.608_none_a9444ca7c10bb01d\COMCTL32.dll
0x00007ff9ccdf0000 - 0x00007ff9cce19000 	C:\Windows\System32\GDI32.dll
0x00007ff9cbed0000 - 0x00007ff9cbfe3000 	C:\Windows\System32\gdi32full.dll
0x00007ff9cd5c0000 - 0x00007ff9cd667000 	C:\Windows\System32\msvcrt.dll
0x00007ff9cc0e0000 - 0x00007ff9cc17a000 	C:\Windows\System32\msvcp_win.dll
0x00007ff9cc3e0000 - 0x00007ff9cc411000 	C:\Windows\System32\IMM32.DLL
0x00007ff9c5130000 - 0x00007ff9c513c000 	c:\Users\ashes\.vscode\extensions\redhat.java-1.16.0-win32-x64\jre\17.0.6-win32-x86_64\bin\vcruntime140_1.dll
0x00007ff99dcb0000 - 0x00007ff99dd41000 	c:\Users\ashes\.vscode\extensions\redhat.java-1.16.0-win32-x64\jre\17.0.6-win32-x86_64\bin\msvcp140.dll
0x00007ff97cd10000 - 0x00007ff97d957000 	c:\Users\ashes\.vscode\extensions\redhat.java-1.16.0-win32-x64\jre\17.0.6-win32-x86_64\bin\server\jvm.dll
0x00007ff9cd800000 - 0x00007ff9cd8ae000 	C:\Windows\System32\ADVAPI32.dll
0x00007ff9cd1a0000 - 0x00007ff9cd244000 	C:\Windows\System32\sechost.dll
0x00007ff9cd250000 - 0x00007ff9cd365000 	C:\Windows\System32\RPCRT4.dll
0x00007ff9c1040000 - 0x00007ff9c104a000 	C:\Windows\SYSTEM32\VERSION.dll
0x00007ff9c5050000 - 0x00007ff9c5059000 	C:\Windows\SYSTEM32\WSOCK32.dll
0x00007ff9c87a0000 - 0x00007ff9c87d4000 	C:\Windows\SYSTEM32\WINMM.dll
0x00007ff9cd120000 - 0x00007ff9cd191000 	C:\Windows\System32\WS2_32.dll
0x00007ff9cab50000 - 0x00007ff9cab68000 	C:\Windows\SYSTEM32\kernel.appcore.dll
0x00007ff9c3df0000 - 0x00007ff9c3dfa000 	c:\Users\ashes\.vscode\extensions\redhat.java-1.16.0-win32-x64\jre\17.0.6-win32-x86_64\bin\jimage.dll
0x00007ff9c9370000 - 0x00007ff9c959e000 	C:\Windows\SYSTEM32\DBGHELP.DLL
0x00007ff9ce040000 - 0x00007ff9ce3c9000 	C:\Windows\System32\combase.dll
0x00007ff9cd8b0000 - 0x00007ff9cd987000 	C:\Windows\System32\OLEAUT32.dll
0x00007ff9c8730000 - 0x00007ff9c8762000 	C:\Windows\SYSTEM32\dbgcore.DLL
0x00007ff9cc2f0000 - 0x00007ff9cc36b000 	C:\Windows\System32\bcryptPrimitives.dll
0x00007ff9b7dd0000 - 0x00007ff9b7dde000 	c:\Users\ashes\.vscode\extensions\redhat.java-1.16.0-win32-x64\jre\17.0.6-win32-x86_64\bin\instrument.dll
0x00007ff99dbf0000 - 0x00007ff99dc15000 	c:\Users\ashes\.vscode\extensions\redhat.java-1.16.0-win32-x64\jre\17.0.6-win32-x86_64\bin\java.dll
0x00007ff9b7c50000 - 0x00007ff9b7c68000 	c:\Users\ashes\.vscode\extensions\redhat.java-1.16.0-win32-x64\jre\17.0.6-win32-x86_64\bin\zip.dll
0x00007ff9cc540000 - 0x00007ff9ccd30000 	C:\Windows\System32\SHELL32.dll
0x00007ff9c99e0000 - 0x00007ff9ca2ae000 	C:\Windows\SYSTEM32\windows.storage.dll
0x00007ff9c98a0000 - 0x00007ff9c99de000 	C:\Windows\SYSTEM32\wintypes.dll
0x00007ff9cda20000 - 0x00007ff9cdb11000 	C:\Windows\System32\SHCORE.dll
0x00007ff9cd9a0000 - 0x00007ff9cd9fe000 	C:\Windows\System32\shlwapi.dll
0x00007ff9cb940000 - 0x00007ff9cb961000 	C:\Windows\SYSTEM32\profapi.dll
0x00007ff99d7e0000 - 0x00007ff99d7f9000 	C:\Users\ashes\.vscode\extensions\redhat.java-1.16.0-win32-x64\jre\17.0.6-win32-x86_64\bin\net.dll
0x00007ff9c5930000 - 0x00007ff9c5a5f000 	C:\Windows\SYSTEM32\WINHTTP.dll
0x00007ff9cafc0000 - 0x00007ff9cb029000 	C:\Windows\system32\mswsock.dll
0x00007ff99d7c0000 - 0x00007ff99d7d5000 	C:\Users\ashes\.vscode\extensions\redhat.java-1.16.0-win32-x64\jre\17.0.6-win32-x86_64\bin\nio.dll
0x00007ff9b4850000 - 0x00007ff9b4860000 	c:\Users\ashes\.vscode\extensions\redhat.java-1.16.0-win32-x64\jre\17.0.6-win32-x86_64\bin\verify.dll
0x00007ff99c000000 - 0x00007ff99c03e000 	C:\Users\ashes\AppData\Roaming\Code\User\globalStorage\redhat.java\1.16.0\config_ss_win\org.eclipse.equinox.launcher\org.eclipse.equinox.launcher.win32.win32.x86_64_1.2.700.v20221108-1024\eclipse_11801.dll
0x00007ff9ccf80000 - 0x00007ff9cd11c000 	C:\Windows\System32\ole32.dll

dbghelp: loaded successfully - version: 4.0.5 - missing functions: none
symbol engine: initialized successfully - sym options: 0x614 - pdb path: .;c:\Users\ashes\.vscode\extensions\redhat.java-1.16.0-win32-x64\jre\17.0.6-win32-x86_64\bin;C:\Windows\SYSTEM32;C:\Windows\WinSxS\amd64_microsoft.windows.common-controls_6595b64144ccf1df_6.0.22621.608_none_a9444ca7c10bb01d;c:\Users\ashes\.vscode\extensions\redhat.java-1.16.0-win32-x64\jre\17.0.6-win32-x86_64\bin\server;C:\Users\ashes\AppData\Roaming\Code\User\globalStorage\redhat.java\1.16.0\config_ss_win\org.eclipse.equinox.launcher\org.eclipse.equinox.launcher.win32.win32.x86_64_1.2.700.v20221108-1024

VM Arguments:
jvm_args: --add-modules=ALL-SYSTEM --add-opens=java.base/java.util=ALL-UNNAMED --add-opens=java.base/java.lang=ALL-UNNAMED --add-opens=java.base/sun.nio.fs=ALL-UNNAMED -Declipse.application=org.eclipse.jdt.ls.core.id1 -Dosgi.bundles.defaultStartLevel=4 -Declipse.product=org.eclipse.jdt.ls.core.product -Djava.import.generatesMetadataFilesAtProjectRoot=false -Dfile.encoding=utf8 -XX:+UseParallelGC -XX:GCTimeRatio=4 -XX:AdaptiveSizePolicyWeight=90 -Dsun.zip.disableMemoryMapping=true -Xmx1G -Xms100m -Xlog:disable -javaagent:c:\Users\ashes\.vscode\extensions\redhat.java-1.16.0-win32-x64\lombok\lombok-1.18.24.jar 
java_command: c:\Users\ashes\.vscode\extensions\redhat.java-1.16.0-win32-x64\server\plugins\org.eclipse.equinox.launcher_1.6.400.v20210924-0641.jar -configuration c:\Users\ashes\AppData\Roaming\Code\User\globalStorage\redhat.java\1.16.0\config_ss_win -data c:\Users\ashes\AppData\Roaming\Code\User\workspaceStorage\d5e9ccdd6a3ad44f1601a391d40a18c7\redhat.java\ss_ws
java_class_path (initial): c:\Users\ashes\.vscode\extensions\redhat.java-1.16.0-win32-x64\server\plugins\org.eclipse.equinox.launcher_1.6.400.v20210924-0641.jar
Launcher Type: SUN_STANDARD

[Global flags]
    uintx AdaptiveSizePolicyWeight                 = 90                                        {product} {command line}
     intx CICompilerCount                          = 4                                         {product} {ergonomic}
    uintx GCTimeRatio                              = 4                                         {product} {command line}
   size_t InitialHeapSize                          = 104857600                                 {product} {command line}
   size_t MaxHeapSize                              = 1073741824                                {product} {command line}
   size_t MaxNewSize                               = 357564416                                 {product} {ergonomic}
   size_t MinHeapDeltaBytes                        = 524288                                    {product} {ergonomic}
   size_t MinHeapSize                              = 104857600                                 {product} {command line}
   size_t NewSize                                  = 34603008                                  {product} {ergonomic}
    uintx NonNMethodCodeHeapSize                   = 5839372                                {pd product} {ergonomic}
    uintx NonProfiledCodeHeapSize                  = 122909434                              {pd product} {ergonomic}
   size_t OldSize                                  = 70254592                                  {product} {ergonomic}
    uintx ProfiledCodeHeapSize                     = 122909434                              {pd product} {ergonomic}
    uintx ReservedCodeCacheSize                    = 251658240                              {pd product} {ergonomic}
     bool SegmentedCodeCache                       = true                                      {product} {ergonomic}
   size_t SoftMaxHeapSize                          = 1073741824                             {manageable} {ergonomic}
     bool UseCompressedClassPointers               = true                           {product lp64_product} {ergonomic}
     bool UseCompressedOops                        = true                           {product lp64_product} {ergonomic}
     bool UseLargePagesIndividualAllocation        = false                                  {pd product} {ergonomic}
     bool UseParallelGC                            = true                                      {product} {command line}

Logging:
Log output configuration:
 #0: stdout all=off uptime,level,tags
 #1: stderr all=off uptime,level,tags

Environment Variables:
PATH=C:\Program Files\Common Files\Oracle\Java\javapath;C:\Windows\system32;C:\Windows;C:\Windows\System32\Wbem;C:\Windows\System32\WindowsPowerShell\v1.0\;C:\Windows\System32\OpenSSH\;C:\Program Files\dotnet\;C:\Users\ashes\AppData\Local\Microsoft\WindowsApps;;C:\Users\ashes\AppData\Local\Programs\Microsoft VS Code\bin
USERNAME=ashesh
OS=Windows_NT
PROCESSOR_IDENTIFIER=AMD64 Family 23 Model 104 Stepping 1, AuthenticAMD
TMP=C:\Users\ashes\AppData\Local\Temp
TEMP=C:\Users\ashes\AppData\Local\Temp



---------------  S Y S T E M  ---------------

OS:
 Windows 11 , 64 bit Build 22621 (10.0.22621.1344)
OS uptime: 0 days 0:04 hours
Hyper-V role detected

CPU: total 12 (initial active 12) (12 cores per cpu, 2 threads per core) family 23 model 104 stepping 1 microcode 0x0, cx8, cmov, fxsr, ht, mmx, 3dnowpref, sse, sse2, sse3, ssse3, sse4a, sse4.1, sse4.2, popcnt, lzcnt, tsc, tscinvbit, avx, avx2, aes, clmul, bmi1, bmi2, adx, sha, fma, vzeroupper, clflush, clflushopt, hv

Memory: 4k page, system-wide physical 7528M (1679M free)
TotalPageFile size 7560M (AvailPageFile size 68M)
current process WorkingSet (physical memory assigned to process): 124M, peak: 124M
current process commit charge ("private bytes"): 238M, peak: 239M

vm_info: OpenJDK 64-Bit Server VM (17.0.6+10) for windows-amd64 JRE (17.0.6+10), built on Jan 18 2023 10:08:59 by "temurin" with MS VC++ 16.7 (VS2019)

END.
